\BOOKMARK [1][-]{section.1}{\376\377\000I\000n\000t\000r\000o\000d\000u\000z\000i\000o\000n\000e}{}% 1
\BOOKMARK [2][-]{subsection.1.1}{\376\377\000S\000c\000o\000p\000o\000\040\000d\000e\000l\000\040\000D\000o\000c\000u\000m\000e\000n\000t\000o}{section.1}% 2
\BOOKMARK [2][-]{subsection.1.2}{\376\377\000S\000c\000o\000p\000o\000\040\000d\000e\000l\000\040\000C\000a\000p\000i\000t\000o\000l\000a\000t\000o}{section.1}% 3
\BOOKMARK [2][-]{subsection.1.3}{\376\377\000G\000l\000o\000s\000s\000a\000r\000i\000o}{section.1}% 4
\BOOKMARK [2][-]{subsection.1.4}{\376\377\000R\000i\000f\000e\000r\000i\000m\000e\000n\000t\000i}{section.1}% 5
\BOOKMARK [3][-]{subsubsection.1.4.1}{\376\377\000N\000o\000r\000m\000a\000t\000i\000v\000i}{subsection.1.4}% 6
\BOOKMARK [3][-]{subsubsection.1.4.2}{\376\377\000I\000n\000f\000o\000r\000m\000a\000t\000i\000v\000i}{subsection.1.4}% 7
\BOOKMARK [1][-]{section.2}{\376\377\000R\000e\000q\000u\000i\000s\000i\000t\000i\000\040\000d\000i\000\040\000S\000i\000s\000t\000e\000m\000a}{}% 8
\BOOKMARK [2][-]{subsection.2.1}{\376\377\000R\000e\000q\000u\000i\000s\000i\000t\000i\000\040\000h\000a\000r\000d\000w\000a\000r\000e\000\040\000m\000i\000n\000i\000m\000i}{section.2}% 9
\BOOKMARK [2][-]{subsection.2.2}{\376\377\000R\000e\000q\000u\000i\000s\000i\000t\000i\000\040\000m\000i\000n\000i\000m\000i\000\040\000W\000e\000b\000\040\000A\000p\000p\000l\000i\000c\000a\000t\000i\000o\000n}{section.2}% 10
\BOOKMARK [1][-]{section.3}{\376\377\000I\000n\000i\000z\000i\000o}{}% 11
\BOOKMARK [2][-]{subsection.3.1}{\376\377\000P\000r\000e\000s\000e\000n\000t\000a\000z\000i\000o\000n\000e\000\040\000g\000r\000a\000f\000i\000c\000a\000\040\000e\000\040\000p\000u\000l\000s\000a\000n\000t\000i}{section.3}% 12
\BOOKMARK [2][-]{subsection.3.2}{\376\377\000A\000u\000t\000e\000n\000t\000i\000c\000a\000z\000i\000o\000n\000e}{section.3}% 13
\BOOKMARK [1][-]{section.4}{\376\377\000D\000e\000s\000c\000r\000i\000z\000i\000o\000n\000e\000\040\000f\000u\000n\000z\000i\000o\000n\000a\000l\000i\000t\000\340}{}% 14
\BOOKMARK [2][-]{subsection.4.1}{\376\377\000P\000r\000e\000s\000e\000n\000z\000a\000\040\000i\000n\000\040\000s\000e\000d\000e}{section.4}% 15
\BOOKMARK [2][-]{subsection.4.2}{\376\377\000C\000r\000e\000a\000z\000i\000o\000n\000e\000\040\000d\000i\000\040\000u\000n\000\040\000n\000u\000o\000v\000o\000\040\000p\000r\000o\000g\000e\000t\000t\000o}{section.4}% 16
\BOOKMARK [2][-]{subsection.4.3}{\376\377\000C\000o\000n\000s\000u\000n\000t\000i\000v\000a\000z\000i\000o\000n\000e}{section.4}% 17
\BOOKMARK [3][-]{subsubsection.4.3.1}{\376\377\000V\000e\000d\000e\000r\000e\000\040\000l\000e\000\040\000c\000o\000n\000s\000u\000n\000t\000i\000v\000a\000z\000i\000o\000n\000i\000\040\000p\000e\000r\000\040\000u\000n\000\040\000p\000r\000o\000g\000e\000t\000t\000o}{subsection.4.3}% 18
\BOOKMARK [2][-]{subsection.4.4}{\376\377\000A\000p\000e\000r\000t\000u\000r\000a\000\040\000c\000a\000n\000c\000e\000l\000l\000o}{section.4}% 19
\BOOKMARK [1][-]{section.5}{\376\377\000S\000u\000p\000p\000o\000r\000t\000o}{}% 20
